<?xml version="1.0" encoding="UTF-8"?>
<testsuite xmlns:xsi="http://www.w3.org/2001/XMLSchema-instance" xsi:noNamespaceSchemaLocation="https://maven.apache.org/surefire/maven-surefire-plugin/xsd/surefire-test-report.xsd" name="NguyenToTest" time="0.129" tests="16" errors="0" skipped="0" failures="0">
  <properties>
[...]
</properties>
  <testcase name="testException" classname="NguyenToTest" time="0.013"/>
  <testcase name="testCSV{int, boolean}[1]" classname="NguyenToTest" time="0.025"/>
  <testcase name="testCSV{int, boolean}[2]" classname="NguyenToTest" time="0.001"/>
  <testcase name="testCSV{int, boolean}[3]" classname="NguyenToTest" time="0.001"/>
  <testcase name="testCSVFile{int, boolean}[1]" classname="NguyenToTest" time="0.001"/>
  <testcase name="testCSVFile{int, boolean}[2]" classname="NguyenToTest" time="0.001"/>
  <testcase name="testMethod{int, boolean}[1]" classname="NguyenToTest" time="0"/>
  <testcase name="testMethod{int, boolean}[2]" classname="NguyenToTest" time="0.001"/>
  <testcase name="testOddNum{int}[1]" classname="NguyenToTest" time="0.003"/>
  <testcase name="testOddNum{int}[2]" classname="NguyenToTest" time="0.001"/>
  <testcase name="testOddNum{int}[3]" classname="NguyenToTest" time="0.001"/>
  <testcase name="testOddNum{int}[4]" classname="NguyenToTest" time="0.001"/>
  <testcase name="testOddNum{int}[5]" classname="NguyenToTest" time="0.001"/>
  <testcase name="testOddNum{int}[6]" classname="NguyenToTest" time="0.001"/>
  <testcase name="TestOddNumber" classname="NguyenToTest" time="0.001"/>
  <testcase name="testNumber1" classname="NguyenToTest" time="0"/>
</testsuite>